####################################################
time 1587089836 Fri Apr 17 10:17:16 2020:Program initialization completed...
time 1587089836 Fri Apr 17 10:17:16 2020:Syntax started...
time 1587089836 Fri Apr 17 10:17:16 2020:Syntax completed...
time 1587089836 Fri Apr 17 10:17:16 2020:Mincut started...
time 1587089837 Fri Apr 17 10:17:17 2020:Mincut completed...
time 1587089837 Fri Apr 17 10:17:17 2020:TimberWolfMC started...
time 1587089837 Fri Apr 17 10:17:17 2020:TimberWolfMC completed...
time 1587089837 Fri Apr 17 10:17:17 2020:TimberWolfSC started...
time 1587089838 Fri Apr 17 10:17:18 2020:TimberWolfSC completed...
####################################################
time 1587090051 Fri Apr 17 10:20:51 2020:Program initialization completed...
time 1587090051 Fri Apr 17 10:20:51 2020:Syntax started...
time 1587090051 Fri Apr 17 10:20:51 2020:Syntax completed...
time 1587090051 Fri Apr 17 10:20:51 2020:Mincut started...
time 1587090051 Fri Apr 17 10:20:51 2020:Mincut completed...
time 1587090051 Fri Apr 17 10:20:51 2020:TimberWolfMC started...
time 1587090052 Fri Apr 17 10:20:52 2020:TimberWolfMC completed...
time 1587090052 Fri Apr 17 10:20:52 2020:TimberWolfSC started...
time 1587090052 Fri Apr 17 10:20:52 2020:TimberWolfSC completed...
####################################################
time 1587090158 Fri Apr 17 10:22:38 2020:Program initialization completed...
time 1587090158 Fri Apr 17 10:22:38 2020:Syntax started...
time 1587090158 Fri Apr 17 10:22:38 2020:Syntax completed...
time 1587090158 Fri Apr 17 10:22:38 2020:Mincut started...
time 1587090159 Fri Apr 17 10:22:39 2020:Mincut completed...
time 1587090159 Fri Apr 17 10:22:39 2020:TimberWolfMC started...
time 1587090159 Fri Apr 17 10:22:39 2020:TimberWolfMC completed...
time 1587090159 Fri Apr 17 10:22:39 2020:TimberWolfSC started...
time 1587090160 Fri Apr 17 10:22:40 2020:TimberWolfSC completed...
