2
0
00000000000000000000000010010011
2
0
00000000000000000000000100010011
2
0
00000000000000000000001010010011
2
0x40
00000100000000000000001100010011
2
0x00
00000000000000000000001110010011
2
0
00000000000000000000010000010011
1
0x20
00000000000000100000010000110111
1
0x0ffe0
00001111111111100000001010110111
1
0x70000
01110000000000000000001100110111
1
0
00000000000000111010000010000011
2
0x4
00000000010000111000001110010011
1
0
00000000000101000010000000100011
2
0x4
00000000010001000000010000010011
2
0xff8
11111110011000111001110001100011
2
0x180
00011000000000101000001010010011
2
0xfff
11111111111100000000000010010011
1
0
00000000000100101010000000100011
1
0x8
00000000000100101010010000100011
1
0x8
00000000000000101010010000100011
1
0x8
00000000000100101010010000100011
1
0x20
00000000000000100000010000110111
2
0x40
00000100000000110000001110010011
1
0
00000000000001000000000010000011
2
1
00000000000101000000010000010011
2
0
2
0
00000000000000000000000010010011
2
0
00000000000000000000000100010011
2
0
00000000000000000000001010010011
2
0x40
00000100000000000000001100010011
2
0x00
00000000000000000000001110010011
2
0
00000000000000000000010000010011
1
0x20
00000000000000100000010000110111
1
0x0ffe0
00001111111111100000001010110111
1
0x70000
01110000000000000000001100110111
1
0
00000000000000111010000010000011
2
0x4
00000000010000111000001110010011
1
0
00000000000101000010000000100011
2
0x4
00000000010001000000010000010011
2
0xff8
11111110011000111001110001100011
2
0x180
00011000000000101000001010010011
2
0xfff
11111111111100000000000010010011
1
0
00000000000100101010000000100011
1
0x8
00000000000100101010010000100011
1
0x8
00000000000000101010010000100011
1
0x8
00000000000100101010010000100011
1
0x20
00000000000000100000010000110111
2
0x40
00000100000000110000001110010011
1
0
00000000000001000000000010000011
2
1
00000000000101000000010000010011
1
0
00000000000100110000000000100011
2
1
00000000000100110000001100010011
2
0xff8
11111110011100110001110001100011
0
no
2
0
00000000000000000000000010010011
2
0
00000000000000000000000100010011
2
0
00000000000000000000001010010011
2
0x40
00000100000000000000001100010011
2
0x00
00000000000000000000001110010011
1
0x20
00000000000000100000010000110111
1
0x0ffe0
00001111111111100000001010110111
1
0
00000000000000111010000010000011
2
0x4
00000000010000111000001110010011
1
0
00000000000101000010000000100011
2
0x4
00000000010001000000010000010011
2
0xff8
11111110011000111001110001100011
2
0x180
00011000000000101000001010010011
2
0xfff
11111111111100000000000010010011
1
0
00000000000100101010000000100011
1
0x8
00000000000100101010010000100011
1
0x8
00000000000000101010010000100011
1
0x8
00000000000100101010010000100011
1
0x20
00000000000000100000010000110111
1
0x70000
01110000000000000000001100110111
2
0x40
00000100000000110000001110010011
1
0
00000000000001000000000010000011
2
1
00000000000101000000010000010011
1
0
00000000000100110000000000100011
2
1
00000000000100110000001100010011
2
0xff8
11111110011100110001110001100011
0
no
2
0
00000000000000000000000010010011
2
0
00000000000000000000000100010011
2
0
00000000000000000000001010010011
2
0x40
00000100000000000000001100010011
2
0x00
00000000000000000000001110010011
1
0x20
00000000000000100000010000110111
1
0x0ffe0
00001111111111100000001010110111
1
0
00000000000000111010000010000011
2
0x4
00000000010000111000001110010011
1
0
00000000000101000010000000100011
2
0x4
00000000010001000000010000010011
2
0xff8
11111110011000111001110001100011
2
0x180
00011000000000101000001010010011
2
0xfff
11111111111100000000000010010011
1
0
00000000000100101010000000100011
1
0x8
00000000000100101010010000100011
1
0x8
00000000000000101010010000100011
1
0x8
00000000000100101010010000100011
1
0x20
00000000000000100000010000110111
1
0x70000
01110000000000000000001100110111
0
no
2
0
00000000000000000000000010010011
2
0
00000000000000000000000100010011
2
0
00000000000000000000001010010011
2
0x40
00000100000000000000001100010011
2
0x00
00000000000000000000001110010011
1
0x20
00000000000000100000010000110111
1
0x0ffe0
00001111111111100000001010110111
1
0
00000000000000111010000010000011
2
0x4
00000000010000111000001110010011
1
0
00000000000101000010000000100011
2
0x4
00000000010001000000010000010011
2
0xff8
11111110011000111001110001100011
2
0x180
00011000000000101000001010010011
2
0xfff
11111111111100000000000010010011
1
0
00000000000100101010000000100011
1
0x8
00000000000100101010010000100011
1
0x8
00000000000000101010010000100011
1
0x8
00000000000100101010010000100011
1
0x20
00000000000000100000010000110111
1
0x70000
01110000000000000000001100110111
0
no
2
0
00000000000000000000000010010011
2
0
00000000000000000000000100010011
2
0
00000000000000000000001010010011
2
0x40
00000100000000000000001100010011
2
0x00
00000000000000000000001110010011
1
0x20
00000000000000100000010000110111
1
0x0ffe0
00001111111111100000001010110111
1
0
00000000000000111010000010000011
2
0x4
00000000010000111000001110010011
1
0
00000000000101000010000000100011
2
0x4
00000000010001000000010000010011
2
0xff8
11111110011000111001110001100011
2
0x180
00011000000000101000001010010011
2
0xfff
11111111111100000000000010010011
1
0
00000000000100101010000000100011
1
0x8
00000000000100101010010000100011
1
0x8
00000000000000101010010000100011
1
0x8
00000000000100101010010000100011
1
0x20
00000000000000100000010000110111
1
0x70000
01110000000000000000001100110111
2
0x40
00000100000000110000001110010011
1
0
00000000000001000000000010000011
2
0
2
0
00000000000000000000000010010011
2
0
00000000000000000000000100010011
2
0
00000000000000000000001010010011
2
0x40
00000100000000000000001100010011
2
0x00
00000000000000000000001110010011
1
0x20
00000000000000100000010000110111
1
0x0ffe0
00001111111111100000001010110111
1
0
00000000000000111010000010000011
2
0x4
00000000010000111000001110010011
1
0
00000000000101000010000000100011
2
0x4
00000000010001000000010000010011
2
0xff8
11111110011000111001110001100011
2
0x180
00011000000000101000001010010011
2
0xfff
11111111111100000000000010010011
1
0
00000000000100101010000000100011
1
0x8
00000000000100101010010000100011
1
0x8
00000000000000101010010000100011
1
0x8
00000000000100101010010000100011
1
0x20
00000000000000100000010000110111
1
0x70000
01110000000000000000001100110111
2
0x40
00000100000000110000001110010011
1
0
00000000000001000000000010000011
1
0
00000000000100101010000000100011
2
1
00000000000101000000010000010011
1
0
00000000000100110000000000100011
2
1
00000000000100110000001100010011
2
0xff6
11111110011100110001101101100011
0
no
2
0
00000000000000000000000010010011
2
0
00000000000000000000000100010011
2
0
00000000000000000000001010010011
2
0x20
00000010000000000000001100010011
2
0x00
00000000000000000000001110010011
2
0
00000000000000000000010000010011
1
0x20
00000000000000100000010000110111
1
0x0ffe0
00001111111111100000001010110111
1
0
00000000000000111010000010000011
2
0x4
00000000010000111000001110010011
1
0
00000000000101000010000000100011
2
0x4
00000000010001000000010000010011
2
0xff8
11111110011000111001110001100011
2
0x180
00011000000000101000001010010011
2
0xfff
11111111111100000000000010010011
1
0
00000000000100101010000000100011
1
0x8
00000000000100101010010000100011
1
0x8
00000000000000101010010000100011
1
0x1c
00000000000100101010111000100011
1
0x0ffe0
00001111111111100000001010110111
2
0x80
00001000000000101000001010010011
2
0x86
00001000011000000000001000010011
1
0
00000000010000101010000000100011
2
4
00000000010000101000001010010011
2
0x40
00000100000000000000001000010011
1
0
00000000010000101010000000100011
2
4
00000000010000101000001010010011
2
0
00000000000000000000010000010011
2
0x20
00000010000000000000001000010011
2
0
00000000000000000000001100010011
1
0x20
00000000000000100000010000110111
2
0
00000000000000000000000110010011
1
0
00000000000001000000000110000011
2
0x1
00000000000101000000010000010011
1
0
00000000001100101010000000100011
2
1
00000000000100110000001100010011
2
0
00000000000000000000000010010011
2
0x30
00000011000000000000000100010011
2
1
00000000000100001000000010010011
2
0xffe
11111110001000001001111101100011
2
0xfec
11111110010000110001011001100011
0
no
2
0
00000000000000000000000010010011
2
0
00000000000000000000000100010011
2
0
00000000000000000000001010010011
2
0x20
00000010000000000000001100010011
2
0x00
00000000000000000000001110010011
2
0
00000000000000000000010000010011
1
0x20
00000000000000100000010000110111
1
0x0ffe0
00001111111111100000001010110111
2
0x180
00011000000000101000001010010011
2
0xfff
11111111111100000000000010010011
1
0
00000000000100101010000000100011
1
0x8
00000000000100101010010000100011
1
0x8
00000000000000101010010000100011
1
0x1c
00000000000100101010111000100011
1
0x0ffe0
00001111111111100000001010110111
2
0x80
00001000000000101000001010010011
2
0x96
00001001011000000000001000010011
1
0
00000000010000101010000000100011
2
4
00000000010000101000001010010011
2
0x40
00000100000000000000001000010011
1
0
00000000010000101010000000100011
2
4
00000000010000101000001010010011
2
0
00000000000000000000010000010011
2
0x10
00000001000000000000001000010011
2
0x0
00000000000000000000001100010011
1
0x20
00000000000000100000010000110111
2
0
00000000000000000000000110010011
1
0
00000000000001000000000110000011
2
0x1
00000000000101000000010000010011
1
0
00000000001100101010000000100011
2
1
00000000000100100000001000010011
2
11111110010000110001110001100011
2
0
00000000000000000000000010010011
2
0x80
00001000000000000000000100010011
2
1
00000000000100001000000010010011
2
11111110001000001001111101100011
2
11111110000000010001011101100011
0
no
2
0
00000000000000000000000010010011
2
0
00000000000000000000000100010011
2
0
00000000000000000000001010010011
2
0x20
00000010000000000000001100010011
2
0x00
00000000000000000000001110010011
2
0
00000000000000000000010000010011
1
0x20
00000000000000100000010000110111
1
0x0ffe0
00001111111111100000001010110111
2
0x180
00011000000000101000001010010011
2
0xfff
11111111111100000000000010010011
1
0
00000000000100101010000000100011
1
0x8
00000000000100101010010000100011
1
0x8
00000000000000101010010000100011
1
0x1c
00000000000100101010111000100011
1
0x0ffe0
00001111111111100000001010110111
2
0x80
00001000000000101000001010010011
2
0x96
00001001011000000000001000010011
1
0
00000000010000101010000000100011
2
4
00000000010000101000001010010011
2
0x40
00000100000000000000001000010011
1
0
00000000010000101010000000100011
2
4
00000000010000101000001010010011
2
0
00000000000000000000010000010011
2
0x10
00000001000000000000001000010011
2
0x0
00000000000000000000001100010011
1
0x20
00000000000000100000010000110111
2
0
00000000000000000000000110010011
2
0x3
00000000001100011000000110010011
2
0x1
00000000000101000000010000010011
1
0
00000000001100101010000000100011
2
1
00000000000100100000001000010011
2
11111110010000110001110001100011
2
0
00000000000000000000000010010011
2
0x80
00001000000000000000000100010011
2
1
00000000000100001000000010010011
2
11111110001000001001111101100011
2
11111110000000010001011101100011
0
no
2
0
00000000000000000000000010010011
2
0
00000000000000000000000100010011
2
0
00000000000000000000001010010011
2
0x20
00000010000000000000001100010011
2
0x00
00000000000000000000001110010011
2
0
00000000000000000000010000010011
1
0x20
00000000000000100000010000110111
1
0x0ffe0
00001111111111100000001010110111
2
0x180
00011000000000101000001010010011
2
0xfff
11111111111100000000000010010011
1
0
00000000000100101010000000100011
1
0x8
00000000000100101010010000100011
1
0x8
00000000000000101010010000100011
1
0x1c
00000000000100101010111000100011
1
0x0ffe0
00001111111111100000001010110111
2
0x80
00001000000000101000001010010011
2
0x96
00001001011000000000001000010011
1
0
00000000010000101010000000100011
2
4
00000000010000101000001010010011
2
0x40
00000100000000000000001000010011
1
0
00000000010000101010000000100011
2
4
00000000010000101000001010010011
2
0
00000000000000000000010000010011
2
0x10
00000001000000000000001000010011
2
0x0
00000000000000000000001100010011
1
0x20
00000000000000100000010000110111
2
0
00000000000000000000000110010011
2
0x3
00000000001100011000000110010011
2
0x1
00000000000101000000010000010011
1
0
00000000001100101010000000100011
2
1
00000000000100100000001000010011
2
11111110010000110001110001100011
2
0
00000000000000000000000010010011
2
0x7ff
01111111111100000000000100010011
2
1
00000000000100001000000010010011
2
11111110001000001001111101100011
2
11111110000000010001011101100011
0
no
1
0x0ffc0
00001111111111000000000100110111
2
0
00000000000000000000000010010011
1
0x0
00000000000100010010000000100011
1
0x4
00000000000100010010001000100011
1
0x8
00000000000100010010010000100011
1
0x0000f
00000000000000001111000010110111
1
0xc
00000000000100010010011000100011
2
0
00000000000000000000000000010011
2
0
00000000000000000000000000010011
2
11111110000000000000111001100011
1
0x0ffc0
00001111111111000000000100110111
2
0
00000000000000000000000010010011
1
0x0
00000000000100010010000000100011
1
0x4
00000000000100010010001000100011
1
0x8
00000000000100010010010000100011
1
0x0000f
00000000000000001111000010110111
1
0xc
00000000000100010010011000100011
2
0
00000000000000000000000000010011
2
0
00000000000000000000000000010011
2
11111110000000000000111001100011
1
0x0ffc0
00001111111111000000000100110111
2
0
00000000000000000000000010010011
1
0x4
00000000000100010010001000100011
1
0x0
00000000000100010010000000100011
1
0xc
00000000000100010010011000100011
2
0x300
00110000000000000000000010010011
1
0x8
00000000000100010010010000100011
0
no
1
0x0ffc0
00001111111111000000000100110111
2
0
00000000000000000000000010010011
1
0x4
00000000000100010010001000100011
1
0x0
00000000000100010010000000100011
1
0xc
00000000000100010010011000100011
2
0x300
00110000000000000000000010010011
1
0x8
00000000000100010010010000100011
2
0
00000000000000000000000000010011
2
0
00000000000000000000000000010011
2
11111110000000000000111001100011
1
0x0ffc0
00001111111111000000000100110111
2
0
00000000000000000000000010010011
1
0x4
00000000000100010010001000100011
1
0x0
00000000000100010010000000100011
1
0xc
00000000000100010010011000100011
2
0x300
00110000000000000000000010010011
1
0x8
00000000000100010010010000100011
1
0x0ffde
00001111111111011110000100110111
2
0x7ff
01111111111100010000000100010011
2
0x01
00000000000100010000000100010011
2
-0x1
0000000000b100000000000010010011
1
0x0
00000000000100010010000000100011
1
0x4
00000000000100010010001000100011
1
0x24
00000010000100010010001000100011
2
0
00000000000000000000000000010011
2
0
00000000000000000000000000010011
2
11111110000000000000111001100011
1
0x0ffc0
00001111111111000000000100110111
2
0
00000000000000000000000010010011
1
0x4
00000000000100010010001000100011
1
0x0
00000000000100010010000000100011
1
0xc
00000000000100010010011000100011
2
0x300
00110000000000000000000010010011
1
0x8
00000000000100010010010000100011
1
0x0ffde
00001111111111011110000100110111
2
0x7ff
01111111111100010000000100010011
2
0x01
00000000000100010000000100010011
2
-0x1
0000000000b100000000000010010011
1
0x0
00000000000100010010000000100011
1
0x4
00000000000100010010001000100011
1
0x24
00000010000100010010001000100011
2
0
00000000000000000000000000010011
2
0
00000000000000000000000000010011
2
11111110000000000000111001100011
1
0x0ffc0
00001111111111000000000100110111
2
0
00000000000000000000000010010011
1
0x4
00000000000100010010001000100011
1
0x0
00000000000100010010000000100011
1
0xc
00000000000100010010011000100011
2
0x300
00110000000000000000000010010011
1
0x8
00000000000100010010010000100011
1
0x0ffde
00001111111111011110000100110111
2
0x7ff
01111111111100010000000100010011
2
0x01
00000000000100010000000100010011
2
-0x1
0000000000b100000000000010010011
1
0x0
00000000000100010010000000100011
1
0x4
00000000000100010010001000100011
1
0x24
00000010000100010010001000100011
2
0
00000000000000000000000000010011
2
0
00000000000000000000000000010011
2
11111110000000000000111001100011
1
0x0ffc0
00001111111111000000000100110111
2
0
00000000000000000000000010010011
1
0x4
00000000000100010010001000100011
1
0x0
00000000000100010010000000100011
1
0xc
00000000000100010010011000100011
2
0x300
00110000000000000000000010010011
1
0x8
00000000000100010010010000100011
1
0x0ffde
00001111111111011110000100110111
2
0x7ff
01111111111100010000000100010011
2
0x01
00000000000100010000000100010011
2
0xfff
11111111111100000000000010010011
1
0x0
00000000000100010010000000100011
1
0x4
00000000000100010010001000100011
1
0x24
00000010000100010010001000100011
2
0
00000000000000000000000000010011
2
0
00000000000000000000000000010011
2
11111110000000000000111001100011
