============================================================
   Tang Dynasty, V4.1.533
   Copyright:   Shanghai Anlogic Infotech Co., Ltd.
                2011 - 2021
   Executable = D:/Anlogic/TD4.1.533/bin/td.exe
   Built at =   14:11:35 Apr  4 2018
   Run by =     Administrator
   Run Date =   Sun Oct 20 19:29:43 2019

   Run on =     HONGXY-CYBERLAN
============================================================
CMD-004 : start command "import_device eagle_s20.db -package BG256 -basic"
CMD-004 : start command "read_verilog -file D:/Projects/FPGA/PVS332/Anlogic/al_ip/BOOTROM1.v"
VLG-002 : analyze verilog file D:/Projects/FPGA/PVS332/Anlogic/al_ip/BOOTROM1.v
VLG-004 : elaborate module BROM in D:/Projects/FPGA/PVS332/Anlogic/al_ip/BOOTROM1.v(14)
VLG-004 : elaborate module EG_LOGIC_BRAM(DATA_WIDTH_A=32,DATA_WIDTH_B=32,ADDR_WIDTH_A=15,ADDR_WIDTH_B=15,DATA_DEPTH_A=32768,DATA_DEPTH_B=32768,MODE="SP",REGMODE_A="OUTREG",INIT_FILE="../../BIN/BROM.MIF") in D:/Anlogic/TD4.1.533/arch/eagle_macro.v(148)
RTL-100 : Current top model is BROM
RAM-300 : Inferred 0 RAMs.
CMD-004 : start command "optimize_rtl"
RUN-001 : Open license file D:/Anlogic/TD4.1.533/license/Anlogic.lic
RUN-003 ERROR: License expired!
